<?xml version="1.0" encoding="UTF-8"?>
<!-- Generated by org.testng.reporters.JUnitXMLReporter -->
<testsuite ignored="0" hostname="DVCINH6097676" failures="0" tests="6" name="Default test" time="13.857" errors="0" timestamp="2024-01-25T11:11:23 IST">
  <testcase classname="api.test.DDTests" name="testPostuser" time="3.33"/>
  <testcase classname="api.test.DDTests" name="testPostuser" time="1.882"/>
  <testcase classname="api.test.DDTests" name="testPostuser" time="1.567"/>
  <testcase classname="api.test.DDTests" name="testDeleteUserByName" time="2.896"/>
  <testcase classname="api.test.DDTests" name="testDeleteUserByName" time="1.322"/>
  <testcase classname="api.test.DDTests" name="testDeleteUserByName" time="1.18"/>
</testsuite> <!-- Default test -->
