<?xml version="1.0" encoding="UTF-8"?>
<testng-results ignored="0" total="4" passed="4" failed="0" skipped="0">
  <reporter-output>
  </reporter-output>
  <suite started-at="2024-01-26T18:11:12 IST" name="PetSuite" finished-at="2024-01-26T18:11:30 IST" duration-ms="17441">
    <groups>
    </groups>
    <test started-at="2024-01-26T18:11:12 IST" name="PetTests" finished-at="2024-01-26T18:11:30 IST" duration-ms="17441">
      <class name="api.test.userTests2">
        <test-method is-config="true" signature="setup()[pri:0, instance:api.test.userTests2@750e2b97]" started-at="2024-01-26T18:11:13 IST" name="setup" finished-at="2024-01-26T18:11:14 IST" duration-ms="1460" status="PASS">
          <reporter-output>
          </reporter-output>
        </test-method> <!-- setup -->
        <test-method signature="testPostUser()[pri:1, instance:api.test.userTests2@750e2b97]" started-at="2024-01-26T18:11:14 IST" name="testPostUser" finished-at="2024-01-26T18:11:25 IST" duration-ms="10437" status="PASS">
          <reporter-output>
          </reporter-output>
        </test-method> <!-- testPostUser -->
        <test-method signature="testGetUserByName()[pri:2, instance:api.test.userTests2@750e2b97]" started-at="2024-01-26T18:11:25 IST" name="testGetUserByName" finished-at="2024-01-26T18:11:26 IST" duration-ms="1340" status="PASS">
          <reporter-output>
          </reporter-output>
        </test-method> <!-- testGetUserByName -->
        <test-method signature="testUpdateUserByName()[pri:3, instance:api.test.userTests2@750e2b97]" started-at="2024-01-26T18:11:26 IST" name="testUpdateUserByName" finished-at="2024-01-26T18:11:29 IST" duration-ms="2433" status="PASS">
          <reporter-output>
          </reporter-output>
        </test-method> <!-- testUpdateUserByName -->
        <test-method signature="testDeleteUserByName()[pri:4, instance:api.test.userTests2@750e2b97]" started-at="2024-01-26T18:11:29 IST" name="testDeleteUserByName" finished-at="2024-01-26T18:11:30 IST" duration-ms="1151" status="PASS">
          <reporter-output>
          </reporter-output>
        </test-method> <!-- testDeleteUserByName -->
      </class> <!-- api.test.userTests2 -->
    </test> <!-- PetTests -->
  </suite> <!-- PetSuite -->
</testng-results>
