<?xml version="1.0" encoding="UTF-8"?>
<testng-results ignored="0" total="4" passed="4" failed="0" skipped="0">
  <reporter-output>
  </reporter-output>
  <suite started-at="2024-01-25T16:16:56 IST" name="PetSuite" finished-at="2024-01-25T16:17:07 IST" duration-ms="10422">
    <groups>
    </groups>
    <test started-at="2024-01-25T16:16:56 IST" name="PetTests" finished-at="2024-01-25T16:17:07 IST" duration-ms="10422">
      <class name="api.test.userTests2">
        <test-method is-config="true" signature="setup()[pri:0, instance:api.test.userTests2@63376bed]" started-at="2024-01-25T16:16:56 IST" name="setup" finished-at="2024-01-25T16:16:58 IST" duration-ms="1307" status="PASS">
          <reporter-output>
          </reporter-output>
        </test-method> <!-- setup -->
        <test-method signature="testPostUser()[pri:1, instance:api.test.userTests2@63376bed]" started-at="2024-01-25T16:16:58 IST" name="testPostUser" finished-at="2024-01-25T16:17:02 IST" duration-ms="3733" status="PASS">
          <reporter-output>
          </reporter-output>
        </test-method> <!-- testPostUser -->
        <test-method signature="testGetUserByName()[pri:2, instance:api.test.userTests2@63376bed]" started-at="2024-01-25T16:17:02 IST" name="testGetUserByName" finished-at="2024-01-25T16:17:03 IST" duration-ms="1522" status="PASS">
          <reporter-output>
          </reporter-output>
        </test-method> <!-- testGetUserByName -->
        <test-method signature="testUpdateUserByName()[pri:3, instance:api.test.userTests2@63376bed]" started-at="2024-01-25T16:17:03 IST" name="testUpdateUserByName" finished-at="2024-01-25T16:17:05 IST" duration-ms="2399" status="PASS">
          <reporter-output>
          </reporter-output>
        </test-method> <!-- testUpdateUserByName -->
        <test-method signature="testDeleteUserByName()[pri:4, instance:api.test.userTests2@63376bed]" started-at="2024-01-25T16:17:05 IST" name="testDeleteUserByName" finished-at="2024-01-25T16:17:07 IST" duration-ms="1120" status="PASS">
          <reporter-output>
          </reporter-output>
        </test-method> <!-- testDeleteUserByName -->
      </class> <!-- api.test.userTests2 -->
    </test> <!-- PetTests -->
  </suite> <!-- PetSuite -->
</testng-results>
