<?xml version="1.0" encoding="UTF-8"?>
<!-- Generated by org.testng.reporters.JUnitXMLReporter -->
<testsuite ignored="0" hostname="DVCINH6097676" failures="0" tests="4" name="PetTests" time="17.441" errors="0" timestamp="2024-01-26T18:11:31 IST">
  <testcase classname="api.test.userTests2" name="testPostUser" time="10.437"/>
  <testcase classname="api.test.userTests2" name="testGetUserByName" time="1.34"/>
  <testcase classname="api.test.userTests2" name="testUpdateUserByName" time="2.433"/>
  <testcase classname="api.test.userTests2" name="testDeleteUserByName" time="1.151"/>
</testsuite> <!-- PetTests -->
