<?xml version="1.0" encoding="UTF-8"?>
<!-- Generated by org.testng.reporters.JUnitXMLReporter -->
<testsuite ignored="0" hostname="DVCINH6097676" failures="0" tests="4" name="PetTests" time="10.422" errors="0" timestamp="2024-01-25T16:17:07 IST">
  <testcase classname="api.test.userTests2" name="testPostUser" time="3.733"/>
  <testcase classname="api.test.userTests2" name="testGetUserByName" time="1.522"/>
  <testcase classname="api.test.userTests2" name="testUpdateUserByName" time="2.399"/>
  <testcase classname="api.test.userTests2" name="testDeleteUserByName" time="1.12"/>
</testsuite> <!-- PetTests -->
